pulling in: ../nixpkgs-skeleton/flake.nix
pulling in: ../nixpkgs-skeleton/lib/default.nix
pulling in: ../nixpkgs-skeleton/lib/fixed-points.nix
pulling in: ../nixpkgs-skeleton/lib/trivial.nix
pulling in: ../nixpkgs-skeleton/lib/fixed-points.nix
pulling in: ../nixpkgs-skeleton/default.nix
pulling in: ../nixpkgs-skeleton/lib/attrsets.nix
pulling in: ../nixpkgs-skeleton/lib/minver.nix
pulling in: ../nixpkgs-skeleton/lib/lists.nix
pulling in: ../nixpkgs-skeleton/pkgs/top-level/impure.nix
pulling in: ../nixpkgs-skeleton/lib/strings.nix
pulling in: ../nixpkgs-skeleton/lib/customisation.nix
pulling in: ../nixpkgs-skeleton/pkgs/top-level/default.nix
pulling in: ../nixpkgs-skeleton/pkgs/stdenv/default.nix
pulling in: ../nixpkgs-skeleton/lib/meta.nix
pulling in: ../nixpkgs-skeleton/lib/versions.nix
pulling in: ../nixpkgs-skeleton/lib/default.nix
pulling in: ../nixpkgs-skeleton/lib/modules.nix
pulling in: ../nixpkgs-skeleton/lib/options.nix
pulling in: ../nixpkgs-skeleton/lib/fixed-points.nix
pulling in: ../nixpkgs-skeleton/lib/types.nix
pulling in: ../nixpkgs-skeleton/lib/trivial.nix
pulling in: ../nixpkgs-skeleton/pkgs/top-level/stage.nix
pulling in: ../nixpkgs-skeleton/lib/licenses.nix
pulling in: ../nixpkgs-skeleton/lib/fixed-points.nix
pulling in: ../nixpkgs-skeleton/pkgs/stdenv/booter.nix
pulling in: ../nixpkgs-skeleton/pkgs/stdenv/adapters.nix
pulling in: ../nixpkgs-skeleton/lib/attrsets.nix
pulling in: ../nixpkgs-skeleton/pkgs/stdenv/darwin/default.nix
pulling in: ../nixpkgs-skeleton/pkgs/build-support/trivial-builders.nix
pulling in: ../nixpkgs-skeleton/lib/lists.nix
pulling in: ../nixpkgs-skeleton/lib/systems/default.nix
pulling in: ../nixpkgs-skeleton/pkgs/stdenv/generic/make-derivation.nix
pulling in: ../nixpkgs-skeleton/pkgs/top-level/splice.nix
pulling in: ../nixpkgs-skeleton/lib/strings.nix
pulling in: ../nixpkgs-skeleton/lib/systems/doubles.nix
pulling in: ../nixpkgs-skeleton/pkgs/build-support/cc-wrapper/default.nix
pulling in: ../nixpkgs-skeleton/pkgs/top-level/all-packages.nix
pulling in: ../nixpkgs-skeleton/lib/generators.nix
pulling in: ../nixpkgs-skeleton/pkgs/stdenv/generic/check-meta.nix
pulling in: ../nixpkgs-skeleton/lib/systems/parse.nix
pulling in: ../nixpkgs-skeleton/pkgs/top-level/aliases.nix
pulling in: ../nixpkgs-skeleton/lib/customisation.nix
pulling in: ../nixpkgs-skeleton/lib/asserts.nix
pulling in: ../nixpkgs-skeleton/lib/systems/inspect.nix
pulling in: ../nixpkgs-skeleton/pkgs/stdenv/generic/default.nix
pulling in: ../nixpkgs-skeleton/lib/systems/inspect.nix
pulling in: ../nixpkgs-skeleton/pkgs/build-support/expand-response-params/default.nix
pulling in: ../nixpkgs-skeleton/lib/systems/platforms.nix
pulling in: ../nixpkgs-skeleton/lib/deprecated.nix
pulling in: ../nixpkgs-skeleton/lib/systems/parse.nix
pulling in: ../nixpkgs-skeleton/pkgs/build-support/fetchurl/default.nix
pulling in: ../nixpkgs-skeleton/lib/fetchers.nix
pulling in: ../nixpkgs-skeleton/lib/default.nix
pulling in: ../nixpkgs-skeleton/lib/systems/architectures.nix
pulling in: ../nixpkgs-skeleton/lib/meta.nix
pulling in: ../nixpkgs-skeleton/pkgs/stdenv/generic/make-derivation.nix
pulling in: ../nixpkgs-skeleton/lib/systems/flake-systems.nix
pulling in: ../nixpkgs-skeleton/pkgs/build-support/bintools-wrapper/default.nix
pulling in: ../nixpkgs-skeleton/lib/versions.nix
pulling in: ../nixpkgs-skeleton/pkgs/build-support/fetchurl/mirrors.nix
pulling in: ../nixpkgs-skeleton/lib/fixed-points.nix
pulling in: ../nixpkgs-skeleton/pkgs/build-support/fetchurl/default.nix
pulling in: ../nixpkgs-skeleton/lib/modules.nix
pulling in: ../nixpkgs-skeleton/pkgs/stdenv/generic/check-meta.nix
pulling in: ../nixpkgs-skeleton/lib/trivial.nix
pulling in: ../nixpkgs-skeleton/pkgs/stdenv/generic/default.nix
pulling in: ../nixpkgs-skeleton/lib/options.nix
pulling in: ../nixpkgs-skeleton/pkgs/build-support/fetchurl/mirrors.nix
pulling in: ../nixpkgs-skeleton/pkgs/build-support/expand-response-params/default.nix
pulling in: ../nixpkgs-skeleton/lib/fixed-points.nix
pulling in: ../nixpkgs-skeleton/pkgs/stdenv/generic/common-path.nix
pulling in: ../nixpkgs-skeleton/lib/types.nix
pulling in: ../nixpkgs-skeleton/lib/attrsets.nix
pulling in: ../nixpkgs-skeleton/lib/licenses.nix
pulling in: ../nixpkgs-skeleton/lib/default.nix
pulling in: ../nixpkgs-skeleton/lib/lists.nix
pulling in: ../nixpkgs-skeleton/pkgs/stdenv/generic/make-derivation.nix
pulling in: ../nixpkgs-skeleton/lib/strings.nix
pulling in: ../nixpkgs-skeleton/lib/fixed-points.nix
pulling in: ../nixpkgs-skeleton/lib/systems/default.nix
pulling in: ../nixpkgs-skeleton/pkgs/stdenv/generic/check-meta.nix
pulling in: ../nixpkgs-skeleton/lib/trivial.nix
pulling in: ../nixpkgs-skeleton/lib/customisation.nix
pulling in: ../nixpkgs-skeleton/lib/systems/doubles.nix
pulling in: ../nixpkgs-skeleton/lib/fixed-points.nix
pulling in: ../nixpkgs-skeleton/lib/generators.nix
pulling in: ../nixpkgs-skeleton/lib/systems/parse.nix
pulling in: ../nixpkgs-skeleton/lib/attrsets.nix
pulling in: ../nixpkgs-skeleton/lib/asserts.nix
pulling in: ../nixpkgs-skeleton/lib/systems/inspect.nix
pulling in: ../nixpkgs-skeleton/lib/lists.nix
pulling in: ../nixpkgs-skeleton/lib/systems/inspect.nix
pulling in: ../nixpkgs-skeleton/lib/systems/platforms.nix
pulling in: ../nixpkgs-skeleton/lib/strings.nix
pulling in: ../nixpkgs-skeleton/lib/meta.nix
pulling in: ../nixpkgs-skeleton/lib/deprecated.nix
pulling in: ../nixpkgs-skeleton/lib/systems/parse.nix
pulling in: ../nixpkgs-skeleton/lib/versions.nix
pulling in: ../nixpkgs-skeleton/lib/fetchers.nix
pulling in: ../nixpkgs-skeleton/lib/systems/architectures.nix
pulling in: ../nixpkgs-skeleton/lib/customisation.nix
pulling in: ../nixpkgs-skeleton/lib/modules.nix
pulling in: ../nixpkgs-skeleton/lib/systems/flake-systems.nix
pulling in: ../nixpkgs-skeleton/lib/options.nix
pulling in: ../nixpkgs-skeleton/lib/types.nix
pulling in: ../nixpkgs-skeleton/lib/licenses.nix
pulling in: ../nixpkgs-skeleton/lib/meta.nix
pulling in: ../nixpkgs-skeleton/lib/versions.nix
pulling in: ../nixpkgs-skeleton/lib/modules.nix
pulling in: ../nixpkgs-skeleton/lib/systems/default.nix
pulling in: ../nixpkgs-skeleton/lib/options.nix
pulling in: ../nixpkgs-skeleton/lib/systems/doubles.nix
pulling in: ../nixpkgs-skeleton/lib/types.nix
pulling in: ../nixpkgs-skeleton/lib/generators.nix
pulling in: ../nixpkgs-skeleton/lib/systems/parse.nix
pulling in: ../nixpkgs-skeleton/lib/licenses.nix
pulling in: ../nixpkgs-skeleton/lib/asserts.nix
pulling in: ../nixpkgs-skeleton/lib/systems/inspect.nix
pulling in: ../nixpkgs-skeleton/lib/systems/inspect.nix
pulling in: ../nixpkgs-skeleton/lib/systems/platforms.nix
pulling in: ../nixpkgs-skeleton/lib/deprecated.nix
pulling in: ../nixpkgs-skeleton/lib/systems/parse.nix
pulling in: ../nixpkgs-skeleton/lib/systems/default.nix
pulling in: ../nixpkgs-skeleton/lib/fetchers.nix
pulling in: ../nixpkgs-skeleton/lib/systems/architectures.nix
pulling in: ../nixpkgs-skeleton/lib/systems/doubles.nix
pulling in: ../nixpkgs-skeleton/lib/systems/flake-systems.nix
pulling in: ../nixpkgs-skeleton/lib/generators.nix
pulling in: ../nixpkgs-skeleton/lib/systems/parse.nix
pulling in: ../nixpkgs-skeleton/lib/asserts.nix
pulling in: ../nixpkgs-skeleton/lib/systems/inspect.nix
pulling in: ../nixpkgs-skeleton/lib/systems/inspect.nix
pulling in: ../nixpkgs-skeleton/lib/systems/platforms.nix
pulling in: ../nixpkgs-skeleton/lib/deprecated.nix
pulling in: ../nixpkgs-skeleton/lib/systems/parse.nix
pulling in: ../nixpkgs-skeleton/lib/fetchers.nix
pulling in: ../nixpkgs-skeleton/lib/systems/architectures.nix
pulling in: ../nixpkgs-skeleton/lib/systems/flake-systems.nix
